Using pre-set license
Built from '2020.3/staging' branch; Version is '2020.3.30f1 (1fb1bf06830e) revision 2077119'; Using compiler version '192528614'; Build Type 'Release'
OS: 'Windows 11  (10.0.22000) 64bit CoreSingleLanguage' Language: 'es' Physical Memory: 7829 MB
BatchMode: 1, IsHumanControllingUs: 0, StartBugReporterOnCrash: 0, Is64bit: 1, IsPro: 0

COMMAND LINE ARGUMENTS:
C:\Program Files\Unity\Hub\Editor\2020.3.30f1\Editor\Unity.exe
-adb2
-batchMode
-noUpm
-name
AssetImportWorker0
-projectPath
C:/Users/marim/Documents/Tareas/TOP Física/NewShaderGraph
-logFile
Logs/AssetImportWorker0.log
-srvPort
55289
Successfully changed project path to: C:/Users/marim/Documents/Tareas/TOP Física/NewShaderGraph
C:/Users/marim/Documents/Tareas/TOP Física/NewShaderGraph
Using Asset Import Pipeline V2.
Refreshing native plugins compatible for Editor in 44.19 ms, found 2 plugins.
Preloading 0 native plugins for Editor in 0.00 ms.
Initialize engine version: 2020.3.30f1 (1fb1bf06830e)
[Subsystems] Discovering subsystems at path C:/Program Files/Unity/Hub/Editor/2020.3.30f1/Editor/Data/Resources/UnitySubsystems
[Subsystems] Discovering subsystems at path C:/Users/marim/Documents/Tareas/TOP Física/NewShaderGraph/Assets
GfxDevice: creating device client; threaded=0
Direct3D:
    Version:  Direct3D 11.0 [level 11.1]
    Renderer: NVIDIA GeForce RTX 3050 Ti Laptop GPU (ID=0x25a0)
    Vendor:   
    VRAM:     3990 MB
    Driver:   30.0.15.1179
Initialize mono
Mono path[0] = 'C:/Program Files/Unity/Hub/Editor/2020.3.30f1/Editor/Data/Managed'
Mono path[1] = 'C:/Program Files/Unity/Hub/Editor/2020.3.30f1/Editor/Data/MonoBleedingEdge/lib/mono/unityjit'
Mono config path = 'C:/Program Files/Unity/Hub/Editor/2020.3.30f1/Editor/Data/MonoBleedingEdge/etc'
Using monoOptions --debugger-agent=transport=dt_socket,embedding=1,server=y,suspend=n,address=127.0.0.1:56880
Begin MonoManager ReloadAssembly
Registering precompiled unity dll's ...
Register platform support module: C:/Program Files/Unity/Hub/Editor/2020.3.30f1/Editor/Data/PlaybackEngines/WebGLSupport/UnityEditor.WebGL.Extensions.dll
Register platform support module: C:/Program Files/Unity/Hub/Editor/2020.3.30f1/Editor/Data/PlaybackEngines/WindowsStandaloneSupport/UnityEditor.WindowsStandalone.Extensions.dll
Registered in 0.002410 seconds.
Native extension for WindowsStandalone target not found
Native extension for WebGL target not found
Refreshing native plugins compatible for Editor in 42.14 ms, found 2 plugins.
Preloading 0 native plugins for Editor in 0.00 ms.
Mono: successfully reloaded assembly
- Completed reload, in  0.485 seconds
Domain Reload Profiling:
	ReloadAssembly (485ms)
		BeginReloadAssembly (60ms)
			ExecutionOrderSort (0ms)
			DisableScriptedObjects (0ms)
			BackupInstance (0ms)
			ReleaseScriptingObjects (0ms)
			CreateAndSetChildDomain (1ms)
		EndReloadAssembly (364ms)
			LoadAssemblies (59ms)
			RebuildTransferFunctionScriptingTraits (0ms)
			SetupTypeCache (114ms)
			ReleaseScriptCaches (0ms)
			RebuildScriptCaches (22ms)
			SetupLoadedEditorAssemblies (143ms)
				LogAssemblyErrors (0ms)
				InitializePlatformSupportModulesInManaged (5ms)
				SetLoadedEditorAssemblies (0ms)
				RefreshPlugins (42ms)
				BeforeProcessingInitializeOnLoad (11ms)
				ProcessInitializeOnLoadAttributes (63ms)
				ProcessInitializeOnLoadMethodAttributes (21ms)
				AfterProcessingInitializeOnLoad (0ms)
				EditorAssembliesLoaded (0ms)
			ExecutionOrderSort2 (0ms)
			AwakeInstancesAfterBackupRestoration (0ms)
Platform modules already initialized, skipping
Registering precompiled user dll's ...
Registered in 0.003442 seconds.
Begin MonoManager ReloadAssembly
Native extension for WindowsStandalone target not found
Native extension for WebGL target not found
Refreshing native plugins compatible for Editor in 42.75 ms, found 2 plugins.
Preloading 0 native plugins for Editor in 0.00 ms.
Mono: successfully reloaded assembly
- Completed reload, in  0.927 seconds
Domain Reload Profiling:
	ReloadAssembly (928ms)
		BeginReloadAssembly (142ms)
			ExecutionOrderSort (0ms)
			DisableScriptedObjects (3ms)
			BackupInstance (0ms)
			ReleaseScriptingObjects (0ms)
			CreateAndSetChildDomain (18ms)
		EndReloadAssembly (730ms)
			LoadAssemblies (137ms)
			RebuildTransferFunctionScriptingTraits (0ms)
			SetupTypeCache (222ms)
			ReleaseScriptCaches (1ms)
			RebuildScriptCaches (35ms)
			SetupLoadedEditorAssemblies (269ms)
				LogAssemblyErrors (0ms)
				InitializePlatformSupportModulesInManaged (4ms)
				SetLoadedEditorAssemblies (0ms)
				RefreshPlugins (43ms)
				BeforeProcessingInitializeOnLoad (64ms)
				ProcessInitializeOnLoadAttributes (145ms)
				ProcessInitializeOnLoadMethodAttributes (8ms)
				AfterProcessingInitializeOnLoad (5ms)
				EditorAssembliesLoaded (0ms)
			ExecutionOrderSort2 (0ms)
			AwakeInstancesAfterBackupRestoration (5ms)
Platform modules already initialized, skipping
========================================================================
Worker process is ready to serve import requests
Launched and connected shader compiler UnityShaderCompiler.exe after 0.06 seconds
Refreshing native plugins compatible for Editor in 0.55 ms, found 2 plugins.
Preloading 0 native plugins for Editor in 0.00 ms.
Unloading 2818 Unused Serialized files (Serialized files now loaded: 0)
System memory in use before: 134.1 MB.
System memory in use after: 134.3 MB.

Unloading 17 unused Assets to reduce memory usage. Loaded Objects now: 3265.
Total: 2.775800 ms (FindLiveObjects: 0.181300 ms CreateObjectMapping: 0.080100 ms MarkObjects: 2.437700 ms  DeleteObjects: 0.075300 ms)

AssetImportParameters requested are different than current active one (requested -> active):
  custom:framework-win-MediaFoundation: 216162199b28c13a410421893ffa2e32 -> 
  custom:video-decoder-ogg-theora: a1e56fd34408186e4bbccfd4996cb3dc -> 
  custom:container-muxer-webm: aa71ff27fc2769a1b78a27578f13a17b -> 
  custom:container-demuxer-webm: 4f35f7cbe854078d1ac9338744f61a02 -> 
  custom:container-demuxer-ogg: 62fdf1f143b41e24485cea50d1cbac27 -> 
  custom:video-encoder-webm-vp8: eb34c28f22e8b96e1ab97ce403110664 -> 
  custom:video-codec-MediaFoundation-h265: 746d11721c4dcdbdad8f713fa42b33f4 -> 
  custom:video-decoder-webm-vp8: 9c59270c3fd7afecdb556c50c9e8de78 -> 
  custom:audio-decoder-ogg-vorbis: bf7c407c2cedff20999df2af8eb42d56 -> 
  custom:audio-encoder-webm-vorbis: bf7c407c2cedff20999df2af8eb42d56 -> 
========================================================================
Received Import Request.
  path: Assets/Materials/Models3d/link-breath-of-the-wild-animation/textures/TUNIC_EMISSION_3.png
  artifactKey: Guid(4da62ac702154894491e0cae71400b2f) Importer(815301076,1909f56bfc062723c751e8b465ee728b)
Start importing Assets/Materials/Models3d/link-breath-of-the-wild-animation/textures/TUNIC_EMISSION_3.png using Guid(4da62ac702154894491e0cae71400b2f) Importer(815301076,1909f56bfc062723c751e8b465ee728b)  -> (artifact id: '1c97794dd56ba3e0e3156c476e79d438') in 0.090546 seconds 
========================================================================
Received Import Request.
  Time since last request: 0.000329 seconds.
  path: Assets/Materials/Models3d/link-breath-of-the-wild-animation/textures/eyes_albedo_final.png
  artifactKey: Guid(cb742bb6bbcdd8a40bc4522971826b00) Importer(815301076,1909f56bfc062723c751e8b465ee728b)
Start importing Assets/Materials/Models3d/link-breath-of-the-wild-animation/textures/eyes_albedo_final.png using Guid(cb742bb6bbcdd8a40bc4522971826b00) Importer(815301076,1909f56bfc062723c751e8b465ee728b)  -> (artifact id: 'a1d075eed581033b33a79909928f54c2') in 0.025294 seconds 
========================================================================
Received Import Request.
  Time since last request: 0.000287 seconds.
  path: Assets/Materials/Models3d/link-breath-of-the-wild-animation/textures/SLATE_ALBEDO.png
  artifactKey: Guid(b983f15f317b1f84f9cd6a7731931477) Importer(815301076,1909f56bfc062723c751e8b465ee728b)
Start importing Assets/Materials/Models3d/link-breath-of-the-wild-animation/textures/SLATE_ALBEDO.png using Guid(b983f15f317b1f84f9cd6a7731931477) Importer(815301076,1909f56bfc062723c751e8b465ee728b)  -> (artifact id: '8b78da1d311249cc6435dc56e1d696d0') in 0.028539 seconds 
========================================================================
Received Import Request.
  Time since last request: 0.000332 seconds.
  path: Assets/Materials/Models3d/link-breath-of-the-wild-animation/textures/SWORD_EMISSION.png
  artifactKey: Guid(0ea91a629cc5d094196f8c309a5199aa) Importer(815301076,1909f56bfc062723c751e8b465ee728b)
Start importing Assets/Materials/Models3d/link-breath-of-the-wild-animation/textures/SWORD_EMISSION.png using Guid(0ea91a629cc5d094196f8c309a5199aa) Importer(815301076,1909f56bfc062723c751e8b465ee728b)  -> (artifact id: 'ea7268e855adde0b114f9fbc7297e629') in 0.021848 seconds 
========================================================================
Received Import Request.
  Time since last request: 0.000338 seconds.
  path: Assets/Materials/Models3d/link-breath-of-the-wild-animation/textures/SHIELD_ALBEDO.png
  artifactKey: Guid(815b39419d6a8f84e91a82838f93723f) Importer(815301076,1909f56bfc062723c751e8b465ee728b)
Start importing Assets/Materials/Models3d/link-breath-of-the-wild-animation/textures/SHIELD_ALBEDO.png using Guid(815b39419d6a8f84e91a82838f93723f) Importer(815301076,1909f56bfc062723c751e8b465ee728b)  -> (artifact id: '5c22d1816194c58b58c448e5e3662a79') in 0.025592 seconds 
========================================================================
Received Import Request.
  Time since last request: 0.000224 seconds.
  path: Assets/Materials/Models3d/link-breath-of-the-wild-animation/textures/SHIELD_NORMALS.png
  artifactKey: Guid(ef62d06bd5b67374c8febad50f8ef43d) Importer(815301076,1909f56bfc062723c751e8b465ee728b)
Start importing Assets/Materials/Models3d/link-breath-of-the-wild-animation/textures/SHIELD_NORMALS.png using Guid(ef62d06bd5b67374c8febad50f8ef43d) Importer(815301076,1909f56bfc062723c751e8b465ee728b)  -> (artifact id: '59cd5f5896fa866b9d1ba0dd543f32e7') in 0.020930 seconds 
========================================================================
Received Import Request.
  Time since last request: 0.000254 seconds.
  path: Assets/Materials/Models3d/link-breath-of-the-wild-animation/textures/TROUSES_EMISSION 2.png
  artifactKey: Guid(1c64001934d29b64aaab0be4a8fc6ea4) Importer(815301076,1909f56bfc062723c751e8b465ee728b)
Start importing Assets/Materials/Models3d/link-breath-of-the-wild-animation/textures/TROUSES_EMISSION 2.png using Guid(1c64001934d29b64aaab0be4a8fc6ea4) Importer(815301076,1909f56bfc062723c751e8b465ee728b)  -> (artifact id: 'c01c795c10f30b997b3d3660a52561a2') in 0.019854 seconds 
========================================================================
Received Import Request.
  Time since last request: 0.000501 seconds.
  path: Assets/Materials/Models3d/link-breath-of-the-wild-animation/textures
  artifactKey: Guid(da1003bbd58f74d4199ab84ea50dc475) Importer(815301076,1909f56bfc062723c751e8b465ee728b)
Start importing Assets/Materials/Models3d/link-breath-of-the-wild-animation/textures using Guid(da1003bbd58f74d4199ab84ea50dc475) Importer(815301076,1909f56bfc062723c751e8b465ee728b)  -> (artifact id: '6ddd082b623cbe0e8a7b59964be32992') in 0.008039 seconds 
========================================================================
Received Import Request.
  Time since last request: 0.000254 seconds.
  path: Assets/Materials/Models3d/link-breath-of-the-wild-animation/textures/SWORD_ALBEDO.png
  artifactKey: Guid(0b72dd258a6a9774e977f697bf62f394) Importer(815301076,1909f56bfc062723c751e8b465ee728b)
Start importing Assets/Materials/Models3d/link-breath-of-the-wild-animation/textures/SWORD_ALBEDO.png using Guid(0b72dd258a6a9774e977f697bf62f394) Importer(815301076,1909f56bfc062723c751e8b465ee728b)  -> (artifact id: '5c7d4caaa63fd20d5bcc4f24a985a1eb') in 0.021335 seconds 
========================================================================
Received Import Request.
  Time since last request: 0.000244 seconds.
  path: Assets/Materials/Models3d/link-breath-of-the-wild-animation/textures/FACE_ALBEDO.png
  artifactKey: Guid(7b53062c036bedf468ae83a3a7049e7a) Importer(815301076,1909f56bfc062723c751e8b465ee728b)
Start importing Assets/Materials/Models3d/link-breath-of-the-wild-animation/textures/FACE_ALBEDO.png using Guid(7b53062c036bedf468ae83a3a7049e7a) Importer(815301076,1909f56bfc062723c751e8b465ee728b)  -> (artifact id: '9a31f1a399f1e2ee52718982e4caceb1') in 0.024114 seconds 
========================================================================
Received Import Request.
  Time since last request: 0.000565 seconds.
  path: Assets/Materials/Models3d/link-breath-of-the-wild-animation/textures/SHIELD_EMISSION.png
  artifactKey: Guid(1ad26df995a3e104a9ead923a5deca4b) Importer(815301076,1909f56bfc062723c751e8b465ee728b)
Start importing Assets/Materials/Models3d/link-breath-of-the-wild-animation/textures/SHIELD_EMISSION.png using Guid(1ad26df995a3e104a9ead923a5deca4b) Importer(815301076,1909f56bfc062723c751e8b465ee728b)  -> (artifact id: '0bae0d2674908b981738137d9e4e0174') in 0.023621 seconds 
========================================================================
Received Import Request.
  Time since last request: 0.000246 seconds.
  path: Assets/Materials/Models3d/link-breath-of-the-wild-animation/textures/FACE_EMISSION.png
  artifactKey: Guid(d8694217e122dde43ba8ec2c4c6f33f4) Importer(815301076,1909f56bfc062723c751e8b465ee728b)
Start importing Assets/Materials/Models3d/link-breath-of-the-wild-animation/textures/FACE_EMISSION.png using Guid(d8694217e122dde43ba8ec2c4c6f33f4) Importer(815301076,1909f56bfc062723c751e8b465ee728b)  -> (artifact id: '6a1433a673257c799b653c14379fb28f') in 0.021665 seconds 
========================================================================
Received Import Request.
  Time since last request: 0.000336 seconds.
  path: Assets/Materials/Models3d/link-breath-of-the-wild-animation/textures/HAIR_ALBEDO.png
  artifactKey: Guid(9fb2606309063454b83c15940d4f1e4f) Importer(815301076,1909f56bfc062723c751e8b465ee728b)
Start importing Assets/Materials/Models3d/link-breath-of-the-wild-animation/textures/HAIR_ALBEDO.png using Guid(9fb2606309063454b83c15940d4f1e4f) Importer(815301076,1909f56bfc062723c751e8b465ee728b)  -> (artifact id: 'cc44ee836690ec2d083b1a3ec7266e8a') in 0.022032 seconds 
========================================================================
Received Import Request.
  Time since last request: 0.000725 seconds.
  path: Assets/Materials/Models3d/link-breath-of-the-wild-animation/textures/SLATE_EMISSION.png
  artifactKey: Guid(4a80da5b1395b8149aa0710e1c3742f1) Importer(815301076,1909f56bfc062723c751e8b465ee728b)
Start importing Assets/Materials/Models3d/link-breath-of-the-wild-animation/textures/SLATE_EMISSION.png using Guid(4a80da5b1395b8149aa0710e1c3742f1) Importer(815301076,1909f56bfc062723c751e8b465ee728b)  -> (artifact id: 'b17fa03caaf2bba7099136d3034e3c8f') in 0.028725 seconds 
========================================================================
Received Import Request.
  Time since last request: 0.000192 seconds.
  path: Assets/Materials/Models3d/link-breath-of-the-wild-animation/textures/HAIR_EMISSION.png
  artifactKey: Guid(5531df215c6399a408a8be2b5f7754dd) Importer(815301076,1909f56bfc062723c751e8b465ee728b)
Start importing Assets/Materials/Models3d/link-breath-of-the-wild-animation/textures/HAIR_EMISSION.png using Guid(5531df215c6399a408a8be2b5f7754dd) Importer(815301076,1909f56bfc062723c751e8b465ee728b)  -> (artifact id: '211352c0b7fb68bbb9b342387a341a2c') in 0.022256 seconds 
========================================================================
Received Import Request.
  Time since last request: 0.000424 seconds.
  path: Assets/Materials/Models3d/link-breath-of-the-wild-animation/textures/TUNIC_ALBEDO 3.png
  artifactKey: Guid(224638298d17dca4fbf2b03164eae442) Importer(815301076,1909f56bfc062723c751e8b465ee728b)
Start importing Assets/Materials/Models3d/link-breath-of-the-wild-animation/textures/TUNIC_ALBEDO 3.png using Guid(224638298d17dca4fbf2b03164eae442) Importer(815301076,1909f56bfc062723c751e8b465ee728b)  -> (artifact id: 'fd53e5eab9fef7e4ec0b4f4f0cd7f241') in 0.022311 seconds 
========================================================================
Received Import Request.
  Time since last request: 0.000209 seconds.
  path: Assets/Materials/Models3d/link-breath-of-the-wild-animation/textures/TROUSES_ALBEDO 2.png
  artifactKey: Guid(b0a6c45ae64e89c4ab7bc15f47558caa) Importer(815301076,1909f56bfc062723c751e8b465ee728b)
Start importing Assets/Materials/Models3d/link-breath-of-the-wild-animation/textures/TROUSES_ALBEDO 2.png using Guid(b0a6c45ae64e89c4ab7bc15f47558caa) Importer(815301076,1909f56bfc062723c751e8b465ee728b)  -> (artifact id: 'a98e20a7bb2d447e6bb793e2e8651b1f') in 0.029892 seconds 
========================================================================
Received Import Request.
  Time since last request: 189.963024 seconds.
  path: Assets/Materials/Tunic.mat
  artifactKey: Guid(823ddd4f763a15549a9b1cc185b98151) Importer(815301076,1909f56bfc062723c751e8b465ee728b)
Start importing Assets/Materials/Tunic.mat using Guid(823ddd4f763a15549a9b1cc185b98151) Importer(815301076,1909f56bfc062723c751e8b465ee728b)  -> (artifact id: '270994e755e29e418bf250fd4f3ebc03') in 0.177458 seconds 
========================================================================
Received Import Request.
  Time since last request: 346.551114 seconds.
  path: Assets/Materials/New Material.mat
  artifactKey: Guid(3fed8f84463470646a93110c3627471a) Importer(815301076,1909f56bfc062723c751e8b465ee728b)
Start importing Assets/Materials/New Material.mat using Guid(3fed8f84463470646a93110c3627471a) Importer(815301076,1909f56bfc062723c751e8b465ee728b)  -> (artifact id: '92cc8e695a1ccf276f0a42d6796edf5d') in 0.025086 seconds 
========================================================================
Received Import Request.
  Time since last request: 0.000226 seconds.
  path: Assets/Materials/Tunic.mat
  artifactKey: Guid(823ddd4f763a15549a9b1cc185b98151) Importer(815301076,1909f56bfc062723c751e8b465ee728b)
Start importing Assets/Materials/Tunic.mat using Guid(823ddd4f763a15549a9b1cc185b98151) Importer(815301076,1909f56bfc062723c751e8b465ee728b)  -> (artifact id: 'c3c5ef44dd603f6ea714fc213b8c1c8c') in 0.043547 seconds 
========================================================================
Received Import Request.
  Time since last request: 28.259175 seconds.
  path: Assets/Materials/Hair.mat
  artifactKey: Guid(3fed8f84463470646a93110c3627471a) Importer(815301076,1909f56bfc062723c751e8b465ee728b)
Start importing Assets/Materials/Hair.mat using Guid(3fed8f84463470646a93110c3627471a) Importer(815301076,1909f56bfc062723c751e8b465ee728b)  -> (artifact id: 'b6f21cae476385da20c97c063cd061a3') in 0.019992 seconds 
========================================================================
Received Import Request.
  Time since last request: 43.032142 seconds.
  path: Assets/Materials/Head.mat
  artifactKey: Guid(483105200072b984380012fac23a02a2) Importer(815301076,1909f56bfc062723c751e8b465ee728b)
Start importing Assets/Materials/Head.mat using Guid(483105200072b984380012fac23a02a2) Importer(815301076,1909f56bfc062723c751e8b465ee728b)  -> (artifact id: 'e227e33808fd464529ee4aa003f7d045') in 0.028717 seconds 
========================================================================
Received Import Request.
  Time since last request: 225.307953 seconds.
  path: Assets/Materials/Hair.mat
  artifactKey: Guid(3fed8f84463470646a93110c3627471a) Importer(815301076,1909f56bfc062723c751e8b465ee728b)
Start importing Assets/Materials/Hair.mat using Guid(3fed8f84463470646a93110c3627471a) Importer(815301076,1909f56bfc062723c751e8b465ee728b)  -> (artifact id: '2b65355f3392614125a9429e26a90c01') in 0.019298 seconds 
========================================================================
Received Import Request.
  Time since last request: 0.000245 seconds.
  path: Assets/Materials/Head.mat
  artifactKey: Guid(483105200072b984380012fac23a02a2) Importer(815301076,1909f56bfc062723c751e8b465ee728b)
Start importing Assets/Materials/Head.mat using Guid(483105200072b984380012fac23a02a2) Importer(815301076,1909f56bfc062723c751e8b465ee728b)  -> (artifact id: 'b1312a1782e03c20f280848fe939ce26') in 0.022188 seconds 
========================================================================
Received Import Request.
  Time since last request: 11.538083 seconds.
  path: Assets/Materials/Face.mat
  artifactKey: Guid(483105200072b984380012fac23a02a2) Importer(815301076,1909f56bfc062723c751e8b465ee728b)
Start importing Assets/Materials/Face.mat using Guid(483105200072b984380012fac23a02a2) Importer(815301076,1909f56bfc062723c751e8b465ee728b)  -> (artifact id: 'f72e253c8ab2402b25d723cc8da9bbe9') in 0.020162 seconds 
========================================================================
Received Import Request.
  Time since last request: 17.431017 seconds.
  path: Assets/Materials/sword.mat
  artifactKey: Guid(70becd031e3719c48ad76cd4a9b9452c) Importer(815301076,1909f56bfc062723c751e8b465ee728b)
Start importing Assets/Materials/sword.mat using Guid(70becd031e3719c48ad76cd4a9b9452c) Importer(815301076,1909f56bfc062723c751e8b465ee728b)  -> (artifact id: 'd374457aff4690a04ca545f874028afe') in 0.052708 seconds 
========================================================================
Received Import Request.
  Time since last request: 12.493105 seconds.
  path: Assets/Materials/Legs.mat
  artifactKey: Guid(312e7b01bd5ee9d4e8891ede85e1c9ac) Importer(815301076,1909f56bfc062723c751e8b465ee728b)
Start importing Assets/Materials/Legs.mat using Guid(312e7b01bd5ee9d4e8891ede85e1c9ac) Importer(815301076,1909f56bfc062723c751e8b465ee728b)  -> (artifact id: 'f78c8cf4d80ab2f10a601b864e65d4f4') in 0.020086 seconds 
========================================================================
Received Import Request.
  Time since last request: 55.828865 seconds.
  path: Assets/Materials/Shield.mat
  artifactKey: Guid(1c760e71db1fdff46bf829f245f905db) Importer(815301076,1909f56bfc062723c751e8b465ee728b)
Start importing Assets/Materials/Shield.mat using Guid(1c760e71db1fdff46bf829f245f905db) Importer(815301076,1909f56bfc062723c751e8b465ee728b)  -> (artifact id: '59ebc88411030f6de4bb798fca37539c') in 0.023518 seconds 
========================================================================
Received Import Request.
  Time since last request: 9.897559 seconds.
  path: Assets/Materials/New Material.mat
  artifactKey: Guid(6f629d1101b15344d82a2b175a2194db) Importer(815301076,1909f56bfc062723c751e8b465ee728b)
Start importing Assets/Materials/New Material.mat using Guid(6f629d1101b15344d82a2b175a2194db) Importer(815301076,1909f56bfc062723c751e8b465ee728b)  -> (artifact id: 'e3e1b10f69c0ee28ec28e619198cc842') in 0.015077 seconds 
========================================================================
Received Import Request.
  Time since last request: 11.452622 seconds.
  path: Assets/Materials/Belt.mat
  artifactKey: Guid(6f629d1101b15344d82a2b175a2194db) Importer(815301076,1909f56bfc062723c751e8b465ee728b)
Start importing Assets/Materials/Belt.mat using Guid(6f629d1101b15344d82a2b175a2194db) Importer(815301076,1909f56bfc062723c751e8b465ee728b)  -> (artifact id: '4a32c4c7986a0a3b9941597c3dc95df8') in 0.029577 seconds 
========================================================================
Received Import Request.
  Time since last request: 28.484882 seconds.
  path: Assets/Materials/New Material.mat
  artifactKey: Guid(2e6961c6c18e5e44eab5225f01c982fb) Importer(815301076,1909f56bfc062723c751e8b465ee728b)
Start importing Assets/Materials/New Material.mat using Guid(2e6961c6c18e5e44eab5225f01c982fb) Importer(815301076,1909f56bfc062723c751e8b465ee728b)  -> (artifact id: 'c744e6e51f501be50f88d12ffa838804') in 0.010889 seconds 
========================================================================
Received Import Request.
  Time since last request: 13.887162 seconds.
  path: Assets/Materials/Arm.mat
  artifactKey: Guid(2e6961c6c18e5e44eab5225f01c982fb) Importer(815301076,1909f56bfc062723c751e8b465ee728b)
Start importing Assets/Materials/Arm.mat using Guid(2e6961c6c18e5e44eab5225f01c982fb) Importer(815301076,1909f56bfc062723c751e8b465ee728b)  -> (artifact id: '43059e0c11c1daf22d49dd1fc9a0d114') in 0.025269 seconds 
========================================================================
Received Import Request.
  Time since last request: 87.451848 seconds.
  path: Assets/Materials/Arm.mat
  artifactKey: Guid(2e6961c6c18e5e44eab5225f01c982fb) Importer(815301076,1909f56bfc062723c751e8b465ee728b)
Start importing Assets/Materials/Arm.mat using Guid(2e6961c6c18e5e44eab5225f01c982fb) Importer(815301076,1909f56bfc062723c751e8b465ee728b)  -> (artifact id: '0970b85d40c2c3fd947eca918c6f623e') in 0.012535 seconds 
========================================================================
Received Import Request.
  Time since last request: 0.000690 seconds.
  path: Assets/Materials/Belt.mat
  artifactKey: Guid(6f629d1101b15344d82a2b175a2194db) Importer(815301076,1909f56bfc062723c751e8b465ee728b)
Start importing Assets/Materials/Belt.mat using Guid(6f629d1101b15344d82a2b175a2194db) Importer(815301076,1909f56bfc062723c751e8b465ee728b)  -> (artifact id: '4a13adca9168585fccbf234ddb52e805') in 0.012246 seconds 
========================================================================
Received Import Request.
  Time since last request: 0.000199 seconds.
  path: Assets/Materials/sword.mat
  artifactKey: Guid(70becd031e3719c48ad76cd4a9b9452c) Importer(815301076,1909f56bfc062723c751e8b465ee728b)
Start importing Assets/Materials/sword.mat using Guid(70becd031e3719c48ad76cd4a9b9452c) Importer(815301076,1909f56bfc062723c751e8b465ee728b)  -> (artifact id: '2ddaeff402800e2bc67aa1139be81711') in 0.009443 seconds 
========================================================================
Received Import Request.
  Time since last request: 0.000266 seconds.
  path: Assets/Materials/Shield.mat
  artifactKey: Guid(1c760e71db1fdff46bf829f245f905db) Importer(815301076,1909f56bfc062723c751e8b465ee728b)
Start importing Assets/Materials/Shield.mat using Guid(1c760e71db1fdff46bf829f245f905db) Importer(815301076,1909f56bfc062723c751e8b465ee728b)  -> (artifact id: 'b022160482ddcec78a6d08aa517d904c') in 0.012959 seconds 
========================================================================
Received Import Request.
  Time since last request: 0.000235 seconds.
  path: Assets/Materials/Legs.mat
  artifactKey: Guid(312e7b01bd5ee9d4e8891ede85e1c9ac) Importer(815301076,1909f56bfc062723c751e8b465ee728b)
Start importing Assets/Materials/Legs.mat using Guid(312e7b01bd5ee9d4e8891ede85e1c9ac) Importer(815301076,1909f56bfc062723c751e8b465ee728b)  -> (artifact id: '91b8f1abcd713349deda11447fc4ce9b') in 0.011414 seconds 
========================================================================
Received Import Request.
  Time since last request: 451.679405 seconds.
  path: Assets/Materials/heika.mat
  artifactKey: Guid(afa3a2bac6c602841beb903984dbe36d) Importer(815301076,1909f56bfc062723c751e8b465ee728b)
Start importing Assets/Materials/heika.mat using Guid(afa3a2bac6c602841beb903984dbe36d) Importer(815301076,1909f56bfc062723c751e8b465ee728b)  -> (artifact id: '5e0d780b59ebb12ca9be1d3ecfb0c6f8') in 0.027204 seconds 
========================================================================
Received Import Request.
  Time since last request: 0.000202 seconds.
  path: Assets/Materials/sword.mat
  artifactKey: Guid(70becd031e3719c48ad76cd4a9b9452c) Importer(815301076,1909f56bfc062723c751e8b465ee728b)
Start importing Assets/Materials/sword.mat using Guid(70becd031e3719c48ad76cd4a9b9452c) Importer(815301076,1909f56bfc062723c751e8b465ee728b)  -> (artifact id: '7ad6c3e1e2bf3fa447aada631e428c65') in 0.026656 seconds 
========================================================================
Received Import Request.
  Time since last request: 0.000165 seconds.
  path: Assets/Materials/Shield.mat
  artifactKey: Guid(1c760e71db1fdff46bf829f245f905db) Importer(815301076,1909f56bfc062723c751e8b465ee728b)
Start importing Assets/Materials/Shield.mat using Guid(1c760e71db1fdff46bf829f245f905db) Importer(815301076,1909f56bfc062723c751e8b465ee728b)  -> (artifact id: 'f6a141893133c85185ca4fe776b310a9') in 0.026568 seconds 
========================================================================
Received Import Request.
  Time since last request: 0.000249 seconds.
  path: Assets/Materials/Legs.mat
  artifactKey: Guid(312e7b01bd5ee9d4e8891ede85e1c9ac) Importer(815301076,1909f56bfc062723c751e8b465ee728b)
Start importing Assets/Materials/Legs.mat using Guid(312e7b01bd5ee9d4e8891ede85e1c9ac) Importer(815301076,1909f56bfc062723c751e8b465ee728b)  -> (artifact id: 'eaabf7335598c72dffd816a1c00be9b8') in 0.028607 seconds 
========================================================================
Received Import Request.
  Time since last request: 6.933224 seconds.
  path: Assets/Materials/Sheika.mat
  artifactKey: Guid(afa3a2bac6c602841beb903984dbe36d) Importer(815301076,1909f56bfc062723c751e8b465ee728b)
Start importing Assets/Materials/Sheika.mat using Guid(afa3a2bac6c602841beb903984dbe36d) Importer(815301076,1909f56bfc062723c751e8b465ee728b)  -> (artifact id: '4ca12d545c1d567633a7edd5c8835786') in 0.025825 seconds 
========================================================================
Received Import Request.
  Time since last request: 31.248740 seconds.
  path: Assets/Materials/Slate.mat
  artifactKey: Guid(afa3a2bac6c602841beb903984dbe36d) Importer(815301076,1909f56bfc062723c751e8b465ee728b)
Start importing Assets/Materials/Slate.mat using Guid(afa3a2bac6c602841beb903984dbe36d) Importer(815301076,1909f56bfc062723c751e8b465ee728b)  -> (artifact id: 'c6a7081193edf581c234d42fa611fc29') in 0.021227 seconds 
========================================================================
Received Import Request.
  Time since last request: 12.202147 seconds.
  path: Assets/Materials/Slate.mat
  artifactKey: Guid(afa3a2bac6c602841beb903984dbe36d) Importer(815301076,1909f56bfc062723c751e8b465ee728b)
Start importing Assets/Materials/Slate.mat using Guid(afa3a2bac6c602841beb903984dbe36d) Importer(815301076,1909f56bfc062723c751e8b465ee728b)  -> (artifact id: '9367e86c623fb5f1925e4962887a166e') in 0.014989 seconds 
========================================================================
Received Prepare
Registering precompiled user dll's ...
Registered in 0.005086 seconds.
Begin MonoManager ReloadAssembly
Native extension for WindowsStandalone target not found
Native extension for WebGL target not found
Refreshing native plugins compatible for Editor in 0.51 ms, found 2 plugins.
Preloading 0 native plugins for Editor in 0.00 ms.
Mono: successfully reloaded assembly
- Completed reload, in  1.001 seconds
Domain Reload Profiling:
	ReloadAssembly (1002ms)
		BeginReloadAssembly (207ms)
			ExecutionOrderSort (0ms)
			DisableScriptedObjects (9ms)
			BackupInstance (0ms)
			ReleaseScriptingObjects (0ms)
			CreateAndSetChildDomain (84ms)
		EndReloadAssembly (739ms)
			LoadAssemblies (126ms)
			RebuildTransferFunctionScriptingTraits (0ms)
			SetupTypeCache (255ms)
			ReleaseScriptCaches (2ms)
			RebuildScriptCaches (36ms)
			SetupLoadedEditorAssemblies (244ms)
				LogAssemblyErrors (0ms)
				InitializePlatformSupportModulesInManaged (5ms)
				SetLoadedEditorAssemblies (0ms)
				RefreshPlugins (1ms)
				BeforeProcessingInitializeOnLoad (77ms)
				ProcessInitializeOnLoadAttributes (149ms)
				ProcessInitializeOnLoadMethodAttributes (6ms)
				AfterProcessingInitializeOnLoad (6ms)
				EditorAssembliesLoaded (0ms)
			ExecutionOrderSort2 (0ms)
			AwakeInstancesAfterBackupRestoration (12ms)
Platform modules already initialized, skipping
Refreshing native plugins compatible for Editor in 0.55 ms, found 2 plugins.
Preloading 0 native plugins for Editor in 0.00 ms.
Unloading 2700 Unused Serialized files (Serialized files now loaded: 0)
System memory in use before: 131.6 MB.
System memory in use after: 131.8 MB.

Unloading 12 unused Assets to reduce memory usage. Loaded Objects now: 3347.
Total: 2.609100 ms (FindLiveObjects: 0.214200 ms CreateObjectMapping: 0.064200 ms MarkObjects: 2.311200 ms  DeleteObjects: 0.018700 ms)

AssetImportParameters requested are different than current active one (requested -> active):
  custom:framework-win-MediaFoundation: 216162199b28c13a410421893ffa2e32 -> 
  custom:video-decoder-ogg-theora: a1e56fd34408186e4bbccfd4996cb3dc -> 
  custom:container-muxer-webm: aa71ff27fc2769a1b78a27578f13a17b -> 
  custom:container-demuxer-webm: 4f35f7cbe854078d1ac9338744f61a02 -> 
  custom:container-demuxer-ogg: 62fdf1f143b41e24485cea50d1cbac27 -> 
  custom:video-encoder-webm-vp8: eb34c28f22e8b96e1ab97ce403110664 -> 
  custom:video-codec-MediaFoundation-h265: 746d11721c4dcdbdad8f713fa42b33f4 -> 
  custom:video-decoder-webm-vp8: 9c59270c3fd7afecdb556c50c9e8de78 -> 
  custom:audio-decoder-ogg-vorbis: bf7c407c2cedff20999df2af8eb42d56 -> 
  custom:audio-encoder-webm-vorbis: bf7c407c2cedff20999df2af8eb42d56 -> 
AssetImportWorkerClient::OnTransportError - code=2 error=End of file
